app/build/intermediates/manifest_merge_blame_file/debug/manifest-merger-blame-debug-report.txt
1<?xml version="1.0" encoding="utf-8"?>
2<manifest xmlns:android="http://schemas.android.com/apk/res/android"
3    package="com.example.screen"
4    android:versionCode="1"
5    android:versionName="1.0" >
6
7    <uses-sdk
8        android:minSdkVersion="29"
8-->src/main/AndroidManifest.xml
9        android:targetSdkVersion="29" />
9-->src/main/AndroidManifest.xml
10
11    <uses-permission android:name="android.permission.WRITE_EXTERNAL_STORAGE" />
11-->src/main/AndroidManifest.xml:5:5-81
11-->src/main/AndroidManifest.xml:5:22-78
12    <uses-permission android:name="android.permission.READ_EXTERNAL_STORAGE" />
12-->src/main/AndroidManifest.xml:6:5-80
12-->src/main/AndroidManifest.xml:6:22-77
13    <uses-permission android:name="android.permission.VIBRATE" />
13-->src/main/AndroidManifest.xml:7:5-66
13-->src/main/AndroidManifest.xml:7:22-63
14
15    <application
15-->src/main/AndroidManifest.xml:9:5-29:19
16        android:appComponentFactory="androidx.core.app.CoreComponentFactory"
16-->[androidx.core:core:1.3.1] AndroidManifest.xml:24:18-86
17        android:debuggable="true"
18        android:extractNativeLibs="false"
19        android:icon="@mipmap/ic_launcher"
19-->src/main/AndroidManifest.xml:10:9-43
20        android:label="@string/app_name"
20-->src/main/AndroidManifest.xml:11:9-41
21        android:requestLegacyExternalStorage="true"
21-->src/main/AndroidManifest.xml:15:9-52
22        android:roundIcon="@mipmap/ic_launcher_round"
22-->src/main/AndroidManifest.xml:12:9-54
23        android:supportsRtl="true"
23-->src/main/AndroidManifest.xml:13:9-35
24        android:testOnly="true"
25        android:theme="@style/AppTheme" >
25-->src/main/AndroidManifest.xml:14:9-40
26        <activity android:name="com.example.screen.TouchGestureActivity" />
26-->src/main/AndroidManifest.xml:16:9-67
26-->src/main/AndroidManifest.xml:16:19-55
27        <activity android:name="com.example.screen.SelectionInterface" >
27-->src/main/AndroidManifest.xml:17:9-22:20
27-->src/main/AndroidManifest.xml:17:19-53
28            <intent-filter>
28-->src/main/AndroidManifest.xml:18:13-21:29
29                <action android:name="android.intent.action.MAIN" />
29-->src/main/AndroidManifest.xml:19:17-69
29-->src/main/AndroidManifest.xml:19:25-66
30
31                <category android:name="android.intent.category.LAUNCHER" />
31-->src/main/AndroidManifest.xml:20:17-77
31-->src/main/AndroidManifest.xml:20:27-74
32            </intent-filter>
33        </activity>
34        <!-- <activity android:name=".MainActivity"> -->
35        <!-- <intent-filter> -->
36        <!-- <action android:name="android.intent.action.MAIN" /> -->
37        <!-- <category android:name="android.intent.category.LAUNCHER" /> -->
38        <!-- </intent-filter> -->
39        <!-- </activity> -->
40    </application>
41
42</manifest>